c:\users\cristian_dev\documents\workspace\c\atomengine\juego\build\juegonuevo.dir\debug\vc143.pdb
c:\users\cristian_dev\documents\workspace\c\atomengine\juego\build\juegonuevo.dir\debug\main.obj
c:\users\cristian_dev\documents\workspace\c\atomengine\juego\build\cmakefiles\generate.stamp
c:\users\cristian_dev\documents\workspace\c\atomengine\juego\build\juegonuevo.dir\debug\juegonuevo.ilk
c:\users\cristian_dev\documents\workspace\c\atomengine\juego\build\debug\juegonuevo.pdb
c:\users\cristian_dev\documents\workspace\c\atomengine\juego\build\juegonuevo.dir\debug\juegonuevo.tlog\cl.command.1.tlog
c:\users\cristian_dev\documents\workspace\c\atomengine\juego\build\juegonuevo.dir\debug\juegonuevo.tlog\cl.items.tlog
c:\users\cristian_dev\documents\workspace\c\atomengine\juego\build\juegonuevo.dir\debug\juegonuevo.tlog\cl.read.1.tlog
c:\users\cristian_dev\documents\workspace\c\atomengine\juego\build\juegonuevo.dir\debug\juegonuevo.tlog\cl.write.1.tlog
c:\users\cristian_dev\documents\workspace\c\atomengine\juego\build\juegonuevo.dir\debug\juegonuevo.tlog\custombuild.command.1.tlog
c:\users\cristian_dev\documents\workspace\c\atomengine\juego\build\juegonuevo.dir\debug\juegonuevo.tlog\custombuild.read.1.tlog
c:\users\cristian_dev\documents\workspace\c\atomengine\juego\build\juegonuevo.dir\debug\juegonuevo.tlog\custombuild.write.1.tlog
c:\users\cristian_dev\documents\workspace\c\atomengine\juego\build\juegonuevo.dir\debug\juegonuevo.tlog\link-cvtres.read.1.tlog
c:\users\cristian_dev\documents\workspace\c\atomengine\juego\build\juegonuevo.dir\debug\juegonuevo.tlog\link-cvtres.write.1.tlog
c:\users\cristian_dev\documents\workspace\c\atomengine\juego\build\juegonuevo.dir\debug\juegonuevo.tlog\link-rc.read.1.tlog
c:\users\cristian_dev\documents\workspace\c\atomengine\juego\build\juegonuevo.dir\debug\juegonuevo.tlog\link-rc.write.1.tlog
c:\users\cristian_dev\documents\workspace\c\atomengine\juego\build\juegonuevo.dir\debug\juegonuevo.tlog\link.1612-cvtres.read.1.tlog
c:\users\cristian_dev\documents\workspace\c\atomengine\juego\build\juegonuevo.dir\debug\juegonuevo.tlog\link.1612-cvtres.write.1.tlog
c:\users\cristian_dev\documents\workspace\c\atomengine\juego\build\juegonuevo.dir\debug\juegonuevo.tlog\link.1612-rc.read.1.tlog
c:\users\cristian_dev\documents\workspace\c\atomengine\juego\build\juegonuevo.dir\debug\juegonuevo.tlog\link.1612-rc.write.1.tlog
c:\users\cristian_dev\documents\workspace\c\atomengine\juego\build\juegonuevo.dir\debug\juegonuevo.tlog\link.1612.read.1.tlog
c:\users\cristian_dev\documents\workspace\c\atomengine\juego\build\juegonuevo.dir\debug\juegonuevo.tlog\link.1612.read.2.tlog
c:\users\cristian_dev\documents\workspace\c\atomengine\juego\build\juegonuevo.dir\debug\juegonuevo.tlog\link.1612.write.1.tlog
c:\users\cristian_dev\documents\workspace\c\atomengine\juego\build\juegonuevo.dir\debug\juegonuevo.tlog\link.command.1.tlog
c:\users\cristian_dev\documents\workspace\c\atomengine\juego\build\juegonuevo.dir\debug\juegonuevo.tlog\link.read.1.tlog
c:\users\cristian_dev\documents\workspace\c\atomengine\juego\build\juegonuevo.dir\debug\juegonuevo.tlog\link.read.2.tlog
c:\users\cristian_dev\documents\workspace\c\atomengine\juego\build\juegonuevo.dir\debug\juegonuevo.tlog\link.secondary.1.tlog
c:\users\cristian_dev\documents\workspace\c\atomengine\juego\build\juegonuevo.dir\debug\juegonuevo.tlog\link.write.1.tlog
